#
# There is insufficient memory for the Java Runtime Environment to continue.
# Native memory allocation (mmap) failed to map 128450560 bytes for committing reserved memory.
# Possible reasons:
#   The system is out of physical RAM or swap space
#   In 32 bit mode, the process size limit was hit
# Possible solutions:
#   Reduce memory load on the system
#   Increase physical memory or swap space
#   Check if swap backing store is full
#   Use 64 bit Java on a 64 bit OS
#   Decrease Java heap size (-Xmx/-Xms)
#   Decrease number of Java threads
#   Decrease Java thread stack sizes (-Xss)
#   Set larger code cache with -XX:ReservedCodeCacheSize=
# This output file may be truncated or incomplete.
#
#  Out of Memory Error (os_linux.cpp:2640), pid=5520, tid=0x00007f734c491700
#
# JRE version: OpenJDK Runtime Environment (8.0_152-b01) (build 1.8.0_152-release-1024-b01)
# Java VM: OpenJDK 64-Bit Server VM (25.152-b01 mixed mode linux-amd64 compressed oops)
# Core dump written. Default location: /home/ddvm/AndroidStudioProjects/Coinz/core or core.5520
#

---------------  T H R E A D  ---------------

Current thread (0x00007f736c079000):  VMThread [stack: 0x00007f734c392000,0x00007f734c492000] [id=5527]

Stack: [0x00007f734c392000,0x00007f734c492000],  sp=0x00007f734c490460,  free space=1017k
Native frames: (J=compiled Java code, j=interpreted, Vv=VM code, C=native code)
V  [libjvm.so+0x9ed02d]  VMError::report_and_die()+0x15d
V  [libjvm.so+0x4b99fa]  report_vm_out_of_memory(char const*, int, unsigned long, VMErrorType, char const*)+0x8a
V  [libjvm.so+0x852c20]  os::pd_commit_memory(char*, unsigned long, unsigned long, bool)+0xf0
V  [libjvm.so+0x84d72f]  os::commit_memory(char*, unsigned long, unsigned long, bool)+0x1f
V  [libjvm.so+0x8c448b]  PSVirtualSpace::expand_by(unsigned long)+0x5b
V  [libjvm.so+0x8c5100]  PSYoungGen::resize_generation(unsigned long, unsigned long)+0xb0
V  [libjvm.so+0x8c541b]  PSYoungGen::resize(unsigned long, unsigned long)+0x1b
V  [libjvm.so+0x8c1b0c]  PSScavenge::invoke_no_policy()+0xdac
V  [libjvm.so+0x8c22e8]  PSScavenge::invoke()+0x38
V  [libjvm.so+0x876633]  ParallelScavengeHeap::failed_mem_allocate(unsigned long)+0x63
V  [libjvm.so+0x9eeb54]  VM_ParallelGCFailedAllocation::doit()+0x84
V  [libjvm.so+0x9f3067]  VM_Operation::evaluate()+0x47
V  [libjvm.so+0x9f1a48]  VMThread::evaluate_operation(VM_Operation*)+0x2c8
V  [libjvm.so+0x9f1ec9]  VMThread::loop()+0x219
V  [libjvm.so+0x9f2312]  VMThread::run()+0x72
V  [libjvm.so+0x850032]  java_start(Thread*)+0xf2

VM_Operation (0x00007f733a69ac40): ParallelGCFailedAllocation, mode: safepoint, requested by thread 0x00007f7320003000


---------------  P R O C E S S  ---------------

Java Threads: ( => current thread )
  0x00007f72fc015000 JavaThread "RMI RenewClean-[localhost:37745,org.jetbrains.kotlin.daemon.common.LoopbackNetworkInterface$ClientLoopbackSocketFactory@86f5c0e]" daemon [_thread_blocked, id=5549, stack(0x00007f733a49e000,0x00007f733a59f000)]
  0x00007f7320003000 JavaThread "RMI TCP Connection(2)-127.0.0.1" daemon [_thread_blocked, id=5546, stack(0x00007f733a59f000,0x00007f733a6a0000)]
  0x00007f7304014000 JavaThread "RMI Scheduler(0)" daemon [_thread_blocked, id=5542, stack(0x00007f733a6a0000,0x00007f733a7a1000)]
  0x00007f736c00b800 JavaThread "DestroyJavaVM" [_thread_blocked, id=5522, stack(0x00007f73715ce000,0x00007f73716ce000)]
  0x00007f7320001800 JavaThread "RMI TCP Connection(1)-127.0.0.1" daemon [_thread_in_native, id=5541, stack(0x00007f733a9a1000,0x00007f733aaa2000)]
  0x00007f736c376800 JavaThread "GC Daemon" daemon [_thread_blocked, id=5540, stack(0x00007f733aaa2000,0x00007f733aba3000)]
  0x00007f736c34c000 JavaThread "RMI Reaper" [_thread_blocked, id=5539, stack(0x00007f733aba3000,0x00007f733aca4000)]
  0x00007f736c332000 JavaThread "Timer-0" daemon [_thread_blocked, id=5537, stack(0x00007f733ada5000,0x00007f733aea6000)]
  0x00007f736c32e800 JavaThread "RMI TCP Accept-17593" daemon [_thread_in_native, id=5536, stack(0x00007f733aea6000,0x00007f733afa7000)]
  0x00007f736c0c9800 JavaThread "Service Thread" daemon [_thread_blocked, id=5534, stack(0x00007f733b916000,0x00007f733ba17000)]
  0x00007f736c0be800 JavaThread "C1 CompilerThread2" daemon [_thread_blocked, id=5533, stack(0x00007f733ba18000,0x00007f733bb18000)]
  0x00007f736c0bc800 JavaThread "C2 CompilerThread1" daemon [_thread_blocked, id=5532, stack(0x00007f733bb19000,0x00007f733bc19000)]
  0x00007f736c0a7800 JavaThread "C2 CompilerThread0" daemon [_thread_blocked, id=5531, stack(0x00007f733bc1a000,0x00007f733bd1a000)]
  0x00007f736c0b7800 JavaThread "Signal Dispatcher" daemon [_thread_blocked, id=5530, stack(0x00007f734c08e000,0x00007f734c18f000)]
  0x00007f736c085000 JavaThread "Finalizer" daemon [_thread_blocked, id=5529, stack(0x00007f734c18f000,0x00007f734c290000)]
  0x00007f736c080800 JavaThread "Reference Handler" daemon [_thread_blocked, id=5528, stack(0x00007f734c290000,0x00007f734c391000)]

Other Threads:
=>0x00007f736c079000 VMThread [stack: 0x00007f734c392000,0x00007f734c492000] [id=5527]
  0x00007f736c0cc000 WatcherThread [stack: 0x00007f733b816000,0x00007f733b916000] [id=5535]

VM state:at safepoint (normal execution)

VM Mutex/Monitor currently owned by a thread:  ([mutex/lock_event])
[0x00007f736c008e80] Threads_lock - owner thread: 0x00007f736c079000
[0x00007f736c009380] Heap_lock - owner thread: 0x00007f7320003000

Heap:
 PSYoungGen      total 149504K, used 29158K [0x00000000e0000000, 0x00000000eb200000, 0x0000000100000000)
  eden space 120320K, 0% used [0x00000000e0000000,0x00000000e0000000,0x00000000e7580000)
  from space 29184K, 99% used [0x00000000e7580000,0x00000000e91f9b90,0x00000000e9200000)
  to   space 23040K, 0% used [0x00000000e9200000,0x00000000e9200000,0x00000000ea880000)
 ParOldGen       total 99840K, used 53734K [0x00000000a0000000, 0x00000000a6180000, 0x00000000e0000000)
  object space 99840K, 53% used [0x00000000a0000000,0x00000000a3479a40,0x00000000a6180000)
 Metaspace       used 48560K, capacity 49322K, committed 49664K, reserved 1093632K
  class space    used 5919K, capacity 6104K, committed 6144K, reserved 1048576K

Card table byte_map: [0x00007f73708a5000,0x00007f7370ba6000] byte_map_base: 0x00007f73703a5000

Marking Bits: (ParMarkBitMap*) 0x00007f737272d440
 Begin Bits: [0x00007f734d000000, 0x00007f734e800000)
 End Bits:   [0x00007f734e800000, 0x00007f7350000000)

Polling page: 0x00007f737297c000

CodeCache: size=245760Kb used=19339Kb max_used=19355Kb free=226420Kb
 bounds [0x00007f735d000000, 0x00007f735e300000, 0x00007f736c000000]
 total_blobs=6681 nmethods=6191 adapters=403
 compilation: enabled

Compilation events (10 events):
Event: 8.394 Thread 0x00007f736c0be800 6864       1       org.jetbrains.kotlin.org.picocontainer.defaults.InstanceComponentAdapter::getComponentInstance (5 bytes)
Event: 8.394 Thread 0x00007f736c0be800 nmethod 6864 0x00007f735e2f3b10 code [0x00007f735e2f3c60, 0x00007f735e2f3d70]
Event: 8.395 Thread 0x00007f736c0be800 6865       2       org.jetbrains.kotlin.resolve.DescriptorUtils::isLocal (34 bytes)
Event: 8.395 Thread 0x00007f736c0be800 nmethod 6865 0x00007f735e2f3290 code [0x00007f735e2f3460, 0x00007f735e2f38c8]
Event: 8.398 Thread 0x00007f736c0be800 6866       2       org.jetbrains.kotlin.descriptors.impl.ValueParameterDescriptorImpl::<init> (101 bytes)
Event: 8.398 Thread 0x00007f736c0bc800 nmethod 6850 0x00007f735e2f0dd0 code [0x00007f735e2f0fa0, 0x00007f735e2f12e8]
Event: 8.398 Thread 0x00007f736c0bc800 6859       4       org.jetbrains.kotlin.com.intellij.psi.impl.source.tree.JavaSharedImplUtil::getType (86 bytes)
Event: 8.399 Thread 0x00007f736c0be800 nmethod 6866 0x00007f735e2f2b10 code [0x00007f735e2f2cc0, 0x00007f735e2f3088]
Event: 8.405 Thread 0x00007f736c0a7800 nmethod 6854 0x00007f735e2f8490 code [0x00007f735e2f87e0, 0x00007f735e2f9bd8]
Event: 8.405 Thread 0x00007f736c0a7800 6855       4       org.jetbrains.kotlin.com.intellij.psi.impl.source.PsiFieldImpl::getInitializer (13 bytes)

GC Heap History (10 events):
Event: 3.060 GC heap after
Heap after GC invocations=7 (full 2):
 PSYoungGen      total 67584K, used 5091K [0x00000000e0000000, 0x00000000e6e80000, 0x0000000100000000)
  eden space 62464K, 0% used [0x00000000e0000000,0x00000000e0000000,0x00000000e3d00000)
  from space 5120K, 99% used [0x00000000e3d00000,0x00000000e41f8e58,0x00000000e4200000)
  to   space 5120K, 0% used [0x00000000e6980000,0x00000000e6980000,0x00000000e6e80000)
 ParOldGen       total 52224K, used 14873K [0x00000000a0000000, 0x00000000a3300000, 0x00000000e0000000)
  object space 52224K, 28% used [0x00000000a0000000,0x00000000a0e866b0,0x00000000a3300000)
 Metaspace       used 29219K, capacity 29783K, committed 30208K, reserved 1075200K
  class space    used 3852K, capacity 4016K, committed 4096K, reserved 1048576K
}
Event: 3.750 GC heap before
{Heap before GC invocations=8 (full 2):
 PSYoungGen      total 67584K, used 55680K [0x00000000e0000000, 0x00000000e6e80000, 0x0000000100000000)
  eden space 62464K, 80% used [0x00000000e0000000,0x00000000e3167328,0x00000000e3d00000)
  from space 5120K, 99% used [0x00000000e3d00000,0x00000000e41f8e58,0x00000000e4200000)
  to   space 5120K, 0% used [0x00000000e6980000,0x00000000e6980000,0x00000000e6e80000)
 ParOldGen       total 52224K, used 14873K [0x00000000a0000000, 0x00000000a3300000, 0x00000000e0000000)
  object space 52224K, 28% used [0x00000000a0000000,0x00000000a0e866b0,0x00000000a3300000)
 Metaspace       used 34744K, capacity 35214K, committed 35496K, reserved 1081344K
  class space    used 4444K, capacity 4600K, committed 4608K, reserved 1048576K
Event: 3.777 GC heap after
Heap after GC invocations=8 (full 2):
 PSYoungGen      total 93184K, used 5111K [0x00000000e0000000, 0x00000000e8b00000, 0x0000000100000000)
  eden space 88064K, 0% used [0x00000000e0000000,0x00000000e0000000,0x00000000e5600000)
  from space 5120K, 99% used [0x00000000e6980000,0x00000000e6e7df30,0x00000000e6e80000)
  to   space 19968K, 0% used [0x00000000e5600000,0x00000000e5600000,0x00000000e6980000)
 ParOldGen       total 52224K, used 26987K [0x00000000a0000000, 0x00000000a3300000, 0x00000000e0000000)
  object space 52224K, 51% used [0x00000000a0000000,0x00000000a1a5adb8,0x00000000a3300000)
 Metaspace       used 34744K, capacity 35214K, committed 35496K, reserved 1081344K
  class space    used 4444K, capacity 4600K, committed 4608K, reserved 1048576K
}
Event: 3.777 GC heap before
{Heap before GC invocations=9 (full 3):
 PSYoungGen      total 93184K, used 5111K [0x00000000e0000000, 0x00000000e8b00000, 0x0000000100000000)
  eden space 88064K, 0% used [0x00000000e0000000,0x00000000e0000000,0x00000000e5600000)
  from space 5120K, 99% used [0x00000000e6980000,0x00000000e6e7df30,0x00000000e6e80000)
  to   space 19968K, 0% used [0x00000000e5600000,0x00000000e5600000,0x00000000e6980000)
 ParOldGen       total 52224K, used 26987K [0x00000000a0000000, 0x00000000a3300000, 0x00000000e0000000)
  object space 52224K, 51% used [0x00000000a0000000,0x00000000a1a5adb8,0x00000000a3300000)
 Metaspace       used 34744K, capacity 35214K, committed 35496K, reserved 1081344K
  class space    used 4444K, capacity 4600K, committed 4608K, reserved 1048576K
Event: 3.897 GC heap after
Heap after GC invocations=9 (full 3):
 PSYoungGen      total 93184K, used 0K [0x00000000e0000000, 0x00000000e8b00000, 0x0000000100000000)
  eden space 88064K, 0% used [0x00000000e0000000,0x00000000e0000000,0x00000000e5600000)
  from space 5120K, 0% used [0x00000000e6980000,0x00000000e6980000,0x00000000e6e80000)
  to   space 19968K, 0% used [0x00000000e5600000,0x00000000e5600000,0x00000000e6980000)
 ParOldGen       total 99840K, used 24105K [0x00000000a0000000, 0x00000000a6180000, 0x00000000e0000000)
  object space 99840K, 24% used [0x00000000a0000000,0x00000000a178a698,0x00000000a6180000)
 Metaspace       used 34744K, capacity 35214K, committed 35496K, reserved 1081344K
  class space    used 4444K, capacity 4600K, committed 4608K, reserved 1048576K
}
Event: 5.333 GC heap before
{Heap before GC invocations=10 (full 3):
 PSYoungGen      total 93184K, used 88064K [0x00000000e0000000, 0x00000000e8b00000, 0x0000000100000000)
  eden space 88064K, 100% used [0x00000000e0000000,0x00000000e5600000,0x00000000e5600000)
  from space 5120K, 0% used [0x00000000e6980000,0x00000000e6980000,0x00000000e6e80000)
  to   space 19968K, 0% used [0x00000000e5600000,0x00000000e5600000,0x00000000e6980000)
 ParOldGen       total 99840K, used 24105K [0x00000000a0000000, 0x00000000a6180000, 0x00000000e0000000)
  object space 99840K, 24% used [0x00000000a0000000,0x00000000a178a698,0x00000000a6180000)
 Metaspace       used 41603K, capacity 42268K, committed 42752K, reserved 1087488K
  class space    used 5201K, capacity 5371K, committed 5376K, reserved 1048576K
Event: 5.348 GC heap after
Heap after GC invocations=10 (full 3):
 PSYoungGen      total 108032K, used 18311K [0x00000000e0000000, 0x00000000ea880000, 0x0000000100000000)
  eden space 88064K, 0% used [0x00000000e0000000,0x00000000e0000000,0x00000000e5600000)
  from space 19968K, 91% used [0x00000000e5600000,0x00000000e67e1f98,0x00000000e6980000)
  to   space 23040K, 0% used [0x00000000e9200000,0x00000000e9200000,0x00000000ea880000)
 ParOldGen       total 99840K, used 24113K [0x00000000a0000000, 0x00000000a6180000, 0x00000000e0000000)
  object space 99840K, 24% used [0x00000000a0000000,0x00000000a178c698,0x00000000a6180000)
 Metaspace       used 41603K, capacity 42268K, committed 42752K, reserved 1087488K
  class space    used 5201K, capacity 5371K, committed 5376K, reserved 1048576K
}
Event: 6.966 GC heap before
{Heap before GC invocations=11 (full 3):
 PSYoungGen      total 108032K, used 106375K [0x00000000e0000000, 0x00000000ea880000, 0x0000000100000000)
  eden space 88064K, 100% used [0x00000000e0000000,0x00000000e5600000,0x00000000e5600000)
  from space 19968K, 91% used [0x00000000e5600000,0x00000000e67e1f98,0x00000000e6980000)
  to   space 23040K, 0% used [0x00000000e9200000,0x00000000e9200000,0x00000000ea880000)
 ParOldGen       total 99840K, used 24113K [0x00000000a0000000, 0x00000000a6180000, 0x00000000e0000000)
  object space 99840K, 24% used [0x00000000a0000000,0x00000000a178c698,0x00000000a6180000)
 Metaspace       used 47037K, capacity 47766K, committed 48128K, reserved 1091584K
  class space    used 5867K, capacity 6068K, committed 6144K, reserved 1048576K
Event: 7.000 GC heap after
Heap after GC invocations=11 (full 3):
 PSYoungGen      total 143360K, used 23012K [0x00000000e0000000, 0x00000000eb200000, 0x0000000100000000)
  eden space 120320K, 0% used [0x00000000e0000000,0x00000000e0000000,0x00000000e7580000)
  from space 23040K, 99% used [0x00000000e9200000,0x00000000ea879318,0x00000000ea880000)
  to   space 29184K, 0% used [0x00000000e7580000,0x00000000e7580000,0x00000000e9200000)
 ParOldGen       total 99840K, used 29717K [0x00000000a0000000, 0x00000000a6180000, 0x00000000e0000000)
  object space 99840K, 29% used [0x00000000a0000000,0x00000000a1d057f8,0x00000000a6180000)
 Metaspace       used 47037K, capacity 47766K, committed 48128K, reserved 1091584K
  class space    used 5867K, capacity 6068K, committed 6144K, reserved 1048576K
}
Event: 8.410 GC heap before
{Heap before GC invocations=12 (full 3):
 PSYoungGen      total 143360K, used 143332K [0x00000000e0000000, 0x00000000eb200000, 0x0000000100000000)
  eden space 120320K, 100% used [0x00000000e0000000,0x00000000e7580000,0x00000000e7580000)
  from space 23040K, 99% used [0x00000000e9200000,0x00000000ea879318,0x00000000ea880000)
  to   space 29184K, 0% used [0x00000000e7580000,0x00000000e7580000,0x00000000e9200000)
 ParOldGen       total 99840K, used 29717K [0x00000000a0000000, 0x00000000a6180000, 0x00000000e0000000)
  object space 99840K, 29% used [0x00000000a0000000,0x00000000a1d057f8,0x00000000a6180000)
 Metaspace       used 48560K, capacity 49322K, committed 49664K, reserved 1093632K
  class space    used 5919K, capacity 6104K, committed 6144K, reserved 1048576K

Deoptimization events (10 events):
Event: 7.063 Thread 0x00007f7320003000 Uncommon trap: reason=class_check action=maybe_recompile pc=0x00007f735de2f044 method=org.jetbrains.kotlin.com.intellij.lang.java.lexer.JavaLexer.getWhitespaces(I)I @ 36
Event: 7.063 Thread 0x00007f7320003000 Uncommon trap: reason=class_check action=maybe_recompile pc=0x00007f735de2f044 method=org.jetbrains.kotlin.com.intellij.lang.java.lexer.JavaLexer.getWhitespaces(I)I @ 36
Event: 7.063 Thread 0x00007f7320003000 Uncommon trap: reason=class_check action=maybe_recompile pc=0x00007f735de2f044 method=org.jetbrains.kotlin.com.intellij.lang.java.lexer.JavaLexer.getWhitespaces(I)I @ 36
Event: 7.063 Thread 0x00007f7320003000 Uncommon trap: reason=class_check action=maybe_recompile pc=0x00007f735de2f044 method=org.jetbrains.kotlin.com.intellij.lang.java.lexer.JavaLexer.getWhitespaces(I)I @ 36
Event: 7.304 Thread 0x00007f7320003000 Uncommon trap: reason=unstable_if action=reinterpret pc=0x00007f735d34fae4 method=java.util.BitSet.get(I)Z @ 45
Event: 8.267 Thread 0x00007f7320003000 Uncommon trap: reason=class_check action=maybe_recompile pc=0x00007f735e2bbd4c method=org.jetbrains.kotlin.com.intellij.psi.impl.source.tree.CompositeElement.findChildByRoleAsPsiElement(I)Lorg/jetbrains/kotlin/com/intellij/psi/PsiElement; @ 2
Event: 8.268 Thread 0x00007f7320003000 Uncommon trap: reason=class_check action=maybe_recompile pc=0x00007f735e2bbd4c method=org.jetbrains.kotlin.com.intellij.psi.impl.source.tree.CompositeElement.findChildByRoleAsPsiElement(I)Lorg/jetbrains/kotlin/com/intellij/psi/PsiElement; @ 2
Event: 8.268 Thread 0x00007f7320003000 Uncommon trap: reason=class_check action=maybe_recompile pc=0x00007f735e2bbd4c method=org.jetbrains.kotlin.com.intellij.psi.impl.source.tree.CompositeElement.findChildByRoleAsPsiElement(I)Lorg/jetbrains/kotlin/com/intellij/psi/PsiElement; @ 2
Event: 8.271 Thread 0x00007f7320003000 Uncommon trap: reason=class_check action=maybe_recompile pc=0x00007f735e2bbd4c method=org.jetbrains.kotlin.com.intellij.psi.impl.source.tree.CompositeElement.findChildByRoleAsPsiElement(I)Lorg/jetbrains/kotlin/com/intellij/psi/PsiElement; @ 2
Event: 8.387 Thread 0x00007f7320003000 Uncommon trap: reason=null_check action=make_not_entrant pc=0x00007f735e2e6344 method=org.jetbrains.kotlin.com.intellij.psi.impl.source.PsiClassImpl.getDocComment()Lorg/jetbrains/kotlin/com/intellij/psi/javadoc/PsiDocComment; @ 9

Classes redefined (0 events):
No events

Internal exceptions (10 events):
Event: 4.087 Thread 0x00007f7320003000 Exception <a 'java/lang/NoSuchMethodError': java.lang.Object.lambda$static$0(I)[Lorg/jetbrains/kotlin/com/intellij/psi/PsiElement;> (0x00000000e08268f0) thrown at [/usr/local/google/home/ralucas/source/AOSP-openjdk-git/jdk8u/hotspot/src/share/vm/interpret
Event: 4.099 Thread 0x00007f7320003000 Exception <a 'java/lang/NoSuchMethodError': java.lang.Object.lambda$static$0(I)[Lorg/jetbrains/kotlin/psi/KtTypeElement;> (0x00000000e08e55a0) thrown at [/usr/local/google/home/ralucas/source/AOSP-openjdk-git/jdk8u/hotspot/src/share/vm/interpreter/linkRes
Event: 6.024 Thread 0x00007f7320003000 Exception <a 'java/lang/NoSuchMethodError': java.lang.Object.lambda$static$0(I)[Lorg/jetbrains/kotlin/com/intellij/psi/PsiTypeParameter;> (0x00000000e2255fa0) thrown at [/usr/local/google/home/ralucas/source/AOSP-openjdk-git/jdk8u/hotspot/src/share/vm/int
Event: 6.084 Thread 0x00007f7320003000 Exception <a 'java/lang/NoSuchMethodError': java.lang.Object.lambda$static$0(I)[Lorg/jetbrains/kotlin/com/intellij/psi/PsiMethod;> (0x00000000e25612b8) thrown at [/usr/local/google/home/ralucas/source/AOSP-openjdk-git/jdk8u/hotspot/src/share/vm/interprete
Event: 6.086 Thread 0x00007f7320003000 Exception <a 'java/lang/NoSuchMethodError': java.lang.Object.lambda$static$0(I)[Lorg/jetbrains/kotlin/com/intellij/psi/PsiField;> (0x00000000e256bf58) thrown at [/usr/local/google/home/ralucas/source/AOSP-openjdk-git/jdk8u/hotspot/src/share/vm/interpreter
Event: 6.117 Thread 0x00007f7320003000 Exception <a 'java/lang/NoSuchMethodError': java.lang.Object.lambda$static$0(I)[Lorg/jetbrains/kotlin/com/intellij/psi/PsiJavaCodeReferenceElement;> (0x00000000e264b690) thrown at [/usr/local/google/home/ralucas/source/AOSP-openjdk-git/jdk8u/hotspot/src/s
Event: 6.242 Thread 0x00007f7320003000 Implicit null exception at 0x00007f735d576a8c to 0x00007f735d576b51
Event: 6.577 Thread 0x00007f7320003000 Implicit null exception at 0x00007f735df62dcc to 0x00007f735df62ee8
Event: 6.834 Thread 0x00007f7320003000 Implicit null exception at 0x00007f735d2605b5 to 0x00007f735d260791
Event: 6.850 Thread 0x00007f7320003000 Implicit null exception at 0x00007f735d7fe20c to 0x00007f735d7fe266

Events (10 events):
Event: 8.268 Thread 0x00007f7320003000 DEOPT UNPACKING pc=0x00007f735d04547a sp=0x00007f733a69a710 mode 2
Event: 8.271 Thread 0x00007f7320003000 Uncommon trap: trap_request=0xffffffde fr.pc=0x00007f735e2bbd4c
Event: 8.271 Thread 0x00007f7320003000 DEOPT PACKING pc=0x00007f735e2bbd4c sp=0x00007f733a69b010
Event: 8.271 Thread 0x00007f7320003000 DEOPT UNPACKING pc=0x00007f735d04547a sp=0x00007f733a69af20 mode 2
Event: 8.343 Thread 0x00007f7320003000 DEOPT PACKING pc=0x00007f735d82dc3d sp=0x00007f733a69a9b0
Event: 8.343 Thread 0x00007f7320003000 DEOPT UNPACKING pc=0x00007f735d0474c4 sp=0x00007f733a69a6f0 mode 0
Event: 8.387 Thread 0x00007f7320003000 Uncommon trap: trap_request=0xfffffff4 fr.pc=0x00007f735e2e6344
Event: 8.387 Thread 0x00007f7320003000 DEOPT PACKING pc=0x00007f735e2e6344 sp=0x00007f733a69aef0
Event: 8.387 Thread 0x00007f7320003000 DEOPT UNPACKING pc=0x00007f735d04547a sp=0x00007f733a69ae70 mode 2
Event: 8.409 Executing VM operation: ParallelGCFailedAllocation


Dynamic libraries:
00400000-00401000 r-xp 00000000 103:06 2500105                           /home/ddvm/android-studio/jre/jre/bin/java
00600000-00601000 r--p 00000000 103:06 2500105                           /home/ddvm/android-studio/jre/jre/bin/java
00601000-00602000 rw-p 00001000 103:06 2500105                           /home/ddvm/android-studio/jre/jre/bin/java
0160b000-0162c000 rw-p 00000000 00:00 0                                  [heap]
a0000000-a6180000 rw-p 00000000 00:00 0 
a6180000-e0000000 ---p 00000000 00:00 0 
e0000000-eb200000 rw-p 00000000 00:00 0 
f2c80000-100000000 ---p 00000000 00:00 0 
100000000-100600000 rw-p 00000000 00:00 0 
100600000-140000000 ---p 00000000 00:00 0 
7f72fbe00000-7f72fbe80000 rw-p 00000000 00:00 0 
7f72fbe80000-7f72fc000000 ---p 00000000 00:00 0 
7f72fc000000-7f72fd481000 rw-p 00000000 00:00 0 
7f72fd481000-7f7300000000 ---p 00000000 00:00 0 
7f7300000000-7f7300021000 rw-p 00000000 00:00 0 
7f7300021000-7f7304000000 ---p 00000000 00:00 0 
7f7304000000-7f7304021000 rw-p 00000000 00:00 0 
7f7304021000-7f7308000000 ---p 00000000 00:00 0 
7f7308000000-7f7308021000 rw-p 00000000 00:00 0 
7f7308021000-7f730c000000 ---p 00000000 00:00 0 
7f730c000000-7f730c021000 rw-p 00000000 00:00 0 
7f730c021000-7f7310000000 ---p 00000000 00:00 0 
7f7310000000-7f7310021000 rw-p 00000000 00:00 0 
7f7310021000-7f7314000000 ---p 00000000 00:00 0 
7f7314000000-7f7314021000 rw-p 00000000 00:00 0 
7f7314021000-7f7318000000 ---p 00000000 00:00 0 
7f7318000000-7f7318023000 rw-p 00000000 00:00 0 
7f7318023000-7f731c000000 ---p 00000000 00:00 0 
7f731c000000-7f731c021000 rw-p 00000000 00:00 0 
7f731c021000-7f7320000000 ---p 00000000 00:00 0 
7f7320000000-7f7320021000 rw-p 00000000 00:00 0 
7f7320021000-7f7324000000 ---p 00000000 00:00 0 
7f7324000000-7f7324e26000 rw-p 00000000 00:00 0 
7f7324e26000-7f7328000000 ---p 00000000 00:00 0 
7f7328000000-7f7328021000 rw-p 00000000 00:00 0 
7f7328021000-7f732c000000 ---p 00000000 00:00 0 
7f732c000000-7f732d045000 rw-p 00000000 00:00 0 
7f732d045000-7f7330000000 ---p 00000000 00:00 0 
7f7330000000-7f7331375000 rw-p 00000000 00:00 0 
7f7331375000-7f7334000000 ---p 00000000 00:00 0 
7f7334000000-7f7334021000 rw-p 00000000 00:00 0 
7f7334021000-7f7338000000 ---p 00000000 00:00 0 
7f73381f5000-7f73383f5000 rw-p 00000000 00:00 0 
7f73383f5000-7f73385f5000 rw-p 00000000 00:00 0 
7f73385f5000-7f73387f5000 rw-p 00000000 00:00 0 
7f73387f5000-7f73389f5000 rw-p 00000000 00:00 0 
7f73389f5000-7f7338bf5000 rw-p 00000000 00:00 0 
7f7338bf5000-7f7338df5000 rw-p 00000000 00:00 0 
7f7338df5000-7f7338ff5000 rw-p 00000000 00:00 0 
7f7338ff5000-7f73391f5000 rw-p 00000000 00:00 0 
7f73391f5000-7f73393f5000 rw-p 00000000 00:00 0 
7f7339512000-7f7339514000 r--s 00012000 103:06 449713                    /home/ddvm/.gradle/caches/transforms-1/files-1.1/play-services-tasks-16.0.1.aar/aa159a885e2251324401e7687505e4d8/jars/classes.jar
7f7339514000-7f7339516000 r--s 00019000 103:06 1996904                   /home/ddvm/.gradle/caches/transforms-1/files-1.1/firebase-common-16.0.3.aar/da503cda08fa4fd55d689bf1c0316fc0/jars/classes.jar
7f7339516000-7f733951d000 r--s 00079000 103:06 1996945                   /home/ddvm/.gradle/caches/transforms-1/files-1.1/play-services-basement-16.1.0.aar/b399dd6ea884bdb2a76bffa377b99ac4/jars/classes.jar
7f733951d000-7f7339523000 r--s 00043000 103:06 1588764                   /home/ddvm/.gradle/caches/transforms-1/files-1.1/design-27.1.1.aar/4300aeba363429cb5fcc8da315a4cd97/jars/classes.jar
7f7339523000-7f7339525000 r--s 0000e000 103:06 808975                    /home/ddvm/.gradle/caches/transforms-1/files-1.1/constraint-layout-1.1.3.aar/16002d693e4fd19a974deae3360bce68/jars/classes.jar
7f7339525000-7f7339535000 r--s 0016a000 103:06 1996329                   /home/ddvm/.gradle/caches/transforms-1/files-1.1/firebase-auth-16.0.5.aar/7f01b8c7636cb1321faadd9dc014304c/jars/classes.jar
7f7339535000-7f7339539000 r--s 00043000 103:06 580775                    /home/ddvm/.gradle/caches/transforms-1/files-1.1/support-core-ui-27.1.1.aar/5a21a67f1f1f39de2f8bf9055b43fa8f/jars/classes.jar
7f7339539000-7f7339545000 r--s 00080000 103:06 580808                    /home/ddvm/.gradle/caches/transforms-1/files-1.1/support-compat-27.1.1.aar/76da375435bf177b70fee728e5126175/jars/classes.jar
7f7339545000-7f7339555000 r--s 000db000 103:06 2929542                   /home/ddvm/.gradle/caches/modules-2/files-2.1/org.jetbrains.kotlin/kotlin-stdlib/1.2.50/66d47b004c5b8a1d2d1df9e463187390ed741316/kotlin-stdlib-1.2.50.jar
7f7339555000-7f7339661000 r--s 01b1a000 103:06 3162308                   /home/ddvm/Android/Sdk/platforms/android-27/android.jar
7f7339661000-7f7339668000 r--s 00049000 103:06 2767825                   /home/ddvm/.gradle/caches/modules-2/files-2.1/org.jetbrains.kotlin/kotlin-android-extensions/1.2.50/a5309d96fd097320a75947d2e9673a86c948f605/kotlin-android-extensions-1.2.50.jar
7f7339668000-7f7339868000 rw-p 00000000 00:00 0 
7f7339868000-7f7339869000 r--s 00000000 103:06 1996362                   /home/ddvm/.gradle/caches/transforms-1/files-1.1/firebase-auth-interop-16.0.1.aar/95974e74a375cf9cd76c3fb565d78daf/jars/classes.jar
7f7339869000-7f733986b000 r--s 00004000 103:06 1582250                   /home/ddvm/.gradle/caches/modules-2/files-2.1/android.arch.lifecycle/common/1.1.1/207a6efae6a3555e326de41f76bdadd9a239cbce/common-1.1.1.jar
7f733986b000-7f7339876000 r--s 000a0000 103:06 449702                    /home/ddvm/.gradle/caches/transforms-1/files-1.1/appcompat-v7-27.1.1.aar/0dc967519b81fbc9b1a1b5c31c2bfbdb/jars/classes.jar
7f7339876000-7f733987b000 r--s 00036000 103:06 575031                    /home/ddvm/.gradle/caches/modules-2/files-2.1/com.google.code.gson/gson/2.8.5/f645ed69d595b24d4cf8b3fbb64cc505bede8829/gson-2.8.5.jar
7f733987b000-7f7339881000 r--s 00015000 103:06 3033703                   /home/ddvm/.gradle/caches/modules-2/files-2.1/org.jetbrains.kotlin/kotlin-stdlib-common/1.2.50/6b19a2fcc29d34878b3aab33fd5fcf70458a73df/kotlin-stdlib-common-1.2.50.jar
7f7339881000-7f7339886000 r--s 00060000 103:06 1323135                   /home/ddvm/.gradle/caches/modules-2/files-2.1/com.squareup.okhttp3/okhttp/3.11.0/75966e05a49046ca2ae734e5626f28837a8d1e82/okhttp-3.11.0.jar
7f7339886000-7f7339889000 r--s 00014000 103:06 1705207                   /home/ddvm/.gradle/caches/modules-2/files-2.1/com.squareup.retrofit2/retrofit/2.4.0/fc4aa382632bfaa7be7b41579efba41d5a71ecf3/retrofit-2.4.0.jar
7f7339889000-7f733988c000 r--s 00017000 103:06 580780                    /home/ddvm/.gradle/caches/transforms-1/files-1.1/support-core-utils-27.1.1.aar/53ff946f9b939f51e2c2810a643b653b/jars/classes.jar
7f733988c000-7f7339a8c000 rw-p 00000000 00:00 0 
7f7339a8c000-7f7339c8c000 rw-p 00000000 00:00 0 
7f7339c8c000-7f7339c9e000 r--s 00345000 103:06 2500184                   /home/ddvm/android-studio/jre/jre/lib/resources.jar
7f7339c9e000-7f7339e9e000 rw-p 00000000 00:00 0 
7f7339e9e000-7f733a09e000 rw-p 00000000 00:00 0 
7f733a09e000-7f733a29e000 rw-p 00000000 00:00 0 
7f733a29e000-7f733a49e000 rw-p 00000000 00:00 0 
7f733a49e000-7f733a4a1000 ---p 00000000 00:00 0 
7f733a4a1000-7f733a59f000 rw-p 00000000 00:00 0 
7f733a59f000-7f733a5a2000 ---p 00000000 00:00 0 
7f733a5a2000-7f733a6a0000 rw-p 00000000 00:00 0 
7f733a6a0000-7f733a6a3000 ---p 00000000 00:00 0 
7f733a6a3000-7f733a9a1000 rw-p 00000000 00:00 0 
7f733a9a1000-7f733a9a4000 ---p 00000000 00:00 0 
7f733a9a4000-7f733aaa2000 rw-p 00000000 00:00 0 
7f733aaa2000-7f733aaa5000 ---p 00000000 00:00 0 
7f733aaa5000-7f733aba3000 rw-p 00000000 00:00 0 
7f733aba3000-7f733aba6000 ---p 00000000 00:00 0 
7f733aba6000-7f733aca4000 rw-p 00000000 00:00 0 
7f733aca4000-7f733aca7000 ---p 00000000 00:00 0 
7f733aca7000-7f733ada5000 rw-p 00000000 00:00 0 
7f733ada5000-7f733ada8000 ---p 00000000 00:00 0 
7f733ada8000-7f733aea6000 rw-p 00000000 00:00 0 
7f733aea6000-7f733aea9000 ---p 00000000 00:00 0 
7f733aea9000-7f733afa7000 rw-p 00000000 00:00 0 
7f733afa7000-7f733b020000 r--s 010fd000 103:06 2500088                   /home/ddvm/android-studio/jre/lib/tools.jar
7f733b020000-7f733b036000 r-xp 00000000 103:06 2500135                   /home/ddvm/android-studio/jre/jre/lib/amd64/libnet.so
7f733b036000-7f733b236000 ---p 00016000 103:06 2500135                   /home/ddvm/android-studio/jre/jre/lib/amd64/libnet.so
7f733b236000-7f733b237000 r--p 00016000 103:06 2500135                   /home/ddvm/android-studio/jre/jre/lib/amd64/libnet.so
7f733b237000-7f733b238000 rw-p 00017000 103:06 2500135                   /home/ddvm/android-studio/jre/jre/lib/amd64/libnet.so
7f733b238000-7f733b249000 r-xp 00000000 103:06 2500137                   /home/ddvm/android-studio/jre/jre/lib/amd64/libnio.so
7f733b249000-7f733b448000 ---p 00011000 103:06 2500137                   /home/ddvm/android-studio/jre/jre/lib/amd64/libnio.so
7f733b448000-7f733b449000 r--p 00010000 103:06 2500137                   /home/ddvm/android-studio/jre/jre/lib/amd64/libnio.so
7f733b449000-7f733b44a000 rw-p 00011000 103:06 2500137                   /home/ddvm/android-studio/jre/jre/lib/amd64/libnio.so
7f733b44a000-7f733b453000 r-xp 00000000 103:06 2500143                   /home/ddvm/android-studio/jre/jre/lib/amd64/libmanagement.so
7f733b453000-7f733b652000 ---p 00009000 103:06 2500143                   /home/ddvm/android-studio/jre/jre/lib/amd64/libmanagement.so
7f733b652000-7f733b653000 r--p 00008000 103:06 2500143                   /home/ddvm/android-studio/jre/jre/lib/amd64/libmanagement.so
7f733b653000-7f733b654000 rw-p 00009000 103:06 2500143                   /home/ddvm/android-studio/jre/jre/lib/amd64/libmanagement.so
7f733b654000-7f733b815000 r--s 018be000 103:06 2767839                   /home/ddvm/.gradle/caches/modules-2/files-2.1/org.jetbrains.kotlin/kotlin-compiler-embeddable/1.2.50/6bf096d7a201b8734583b25d90dc3a70fa768628/kotlin-compiler-embeddable-1.2.50.jar
7f733b815000-7f733b816000 ---p 00000000 00:00 0 
7f733b816000-7f733b916000 rw-p 00000000 00:00 0 
7f733b916000-7f733b919000 ---p 00000000 00:00 0 
7f733b919000-7f733ba17000 rw-p 00000000 00:00 0 
7f733ba17000-7f733ba18000 ---p 00000000 00:00 0 
7f733ba18000-7f733ba1b000 ---p 00000000 00:00 0 
7f733ba1b000-7f733bb18000 rw-p 00000000 00:00 0 
7f733bb18000-7f733bb19000 ---p 00000000 00:00 0 
7f733bb19000-7f733bb1c000 ---p 00000000 00:00 0 
7f733bb1c000-7f733bc19000 rw-p 00000000 00:00 0 
7f733bc19000-7f733bc1a000 ---p 00000000 00:00 0 
7f733bc1a000-7f733bc1d000 ---p 00000000 00:00 0 
7f733bc1d000-7f733bd1a000 rw-p 00000000 00:00 0 
7f733bd1a000-7f733c000000 r--p 00000000 103:06 2376534                   /usr/lib/locale/locale-archive
7f733c000000-7f733c021000 rw-p 00000000 00:00 0 
7f733c021000-7f7340000000 ---p 00000000 00:00 0 
7f7340000000-7f7340021000 rw-p 00000000 00:00 0 
7f7340021000-7f7344000000 ---p 00000000 00:00 0 
7f7344000000-7f7344280000 rw-p 00000000 00:00 0 
7f7344280000-7f7348000000 ---p 00000000 00:00 0 
7f7348000000-7f7348021000 rw-p 00000000 00:00 0 
7f7348021000-7f734c000000 ---p 00000000 00:00 0 
7f734c000000-7f734c001000 r--s 00002000 103:06 449742                    /home/ddvm/.gradle/caches/transforms-1/files-1.1/runtime-1.1.0.aar/b13e642c2f06a5a3c1090cc745cf2511/jars/classes.jar
7f734c001000-7f734c01c000 r--s 00394000 103:06 2500206                   /home/ddvm/android-studio/jre/jre/lib/ext/cldrdata.jar
7f734c01c000-7f734c051000 r--s 00241000 103:06 2767837                   /home/ddvm/.gradle/caches/modules-2/files-2.1/org.jetbrains.kotlin/kotlin-reflect/1.2.50/9fab8887f91c8e17cce1a7522f45dc25976e57b9/kotlin-reflect-1.2.50.jar
7f734c051000-7f734c08e000 rw-p 00000000 00:00 0 
7f734c08e000-7f734c091000 ---p 00000000 00:00 0 
7f734c091000-7f734c18f000 rw-p 00000000 00:00 0 
7f734c18f000-7f734c192000 ---p 00000000 00:00 0 
7f734c192000-7f734c290000 rw-p 00000000 00:00 0 
7f734c290000-7f734c293000 ---p 00000000 00:00 0 
7f734c293000-7f734c391000 rw-p 00000000 00:00 0 
7f734c391000-7f734c392000 ---p 00000000 00:00 0 
7f734c392000-7f7350000000 rw-p 00000000 00:00 0 
7f7350000000-7f7350021000 rw-p 00000000 00:00 0 
7f7350021000-7f7354000000 ---p 00000000 00:00 0 
7f7354000000-7f7354021000 rw-p 00000000 00:00 0 
7f7354021000-7f7358000000 ---p 00000000 00:00 0 
7f7358000000-7f7358021000 rw-p 00000000 00:00 0 
7f7358021000-7f735c000000 ---p 00000000 00:00 0 
7f735c000000-7f735c002000 r--s 00005000 103:06 1052694                   /home/ddvm/.gradle/caches/modules-2/files-2.1/com.android.support/support-annotations/27.1.1/39ded76b5e1ce1c5b2688e1d25cdc20ecee32007/support-annotations-27.1.1.jar
7f735c002000-7f735c006000 r--s 00029000 103:06 449721                    /home/ddvm/.gradle/caches/transforms-1/files-1.1/support-fragment-27.1.1.aar/256b6a028534909242352a856dfac57a/jars/classes.jar
7f735c006000-7f735c007000 r--s 00014000 103:06 1582256                   /home/ddvm/.gradle/caches/modules-2/files-2.1/com.squareup.okio/okio/1.14.0/102d7be47241d781ef95f1581d414b0943053130/okio-1.14.0.jar
7f735c007000-7f735c009000 r--s 00003000 103:06 3162260                   /home/ddvm/.gradle/caches/modules-2/files-2.1/org.jetbrains/annotations/13.0/919f0dfe192fb4e063e7dacadee7f8bb9a2672a9/annotations-13.0.jar
7f735c009000-7f735c00b000 r--s 00001000 103:06 1705211                   /home/ddvm/.gradle/caches/modules-2/files-2.1/com.squareup.okhttp3/logging-interceptor/3.11.0/f24576b8fd39d34149654df9702f070042083b65/logging-interceptor-3.11.0.jar
7f735c00b000-7f735c00c000 r--s 00001000 103:06 686595                    /home/ddvm/.gradle/caches/transforms-1/files-1.1/viewmodel-1.1.0.aar/c2beb422843c082bc4cb95c57a914e32/jars/classes.jar
7f735c00c000-7f735c330000 rw-p 00000000 00:00 0 
7f735c330000-7f735c500000 r--s 03c46000 103:06 2500125                   /home/ddvm/android-studio/jre/jre/lib/rt.jar
7f735c500000-7f735cd00000 rw-p 00000000 00:00 0 
7f735cd00000-7f735d000000 rw-p 00000000 00:00 0 
7f735d000000-7f735e300000 rwxp 00000000 00:00 0 
7f735e300000-7f736c000000 ---p 00000000 00:00 0 
7f736c000000-7f736c3d2000 rw-p 00000000 00:00 0 
7f736c3d2000-7f7370000000 ---p 00000000 00:00 0 
7f7370000000-7f7370001000 r--s 00000000 103:06 3162334                   /home/ddvm/.gradle/caches/modules-2/files-2.1/org.jetbrains.kotlin/kotlin-stdlib-jdk7/1.2.50/3811b225f9a22abf4f9d8a6f81adef0ba78a3c5/kotlin-stdlib-jdk7-1.2.50.jar
7f7370001000-7f7370002000 r--p 00000000 103:06 2884130                   /usr/share/locale/en_GB/LC_MESSAGES/libc.mo
7f7370002000-7f7370007000 r--s 0009a000 103:06 2500127                   /home/ddvm/android-studio/jre/jre/lib/jsse.jar
7f7370007000-7f7370010000 r--s 00078000 103:06 3162268                   /home/ddvm/.gradle/caches/modules-2/files-2.1/org.jetbrains.kotlinx/kotlinx-coroutines-core/0.20/5f3fa9b5b2dc9cfc0d9358d5b2cab154d590a564/kotlinx-coroutines-core-0.20.jar
7f7370010000-7f737001a000 r--s 00116000 103:06 2500212                   /home/ddvm/android-studio/jre/jre/lib/ext/localedata.jar
7f737001a000-7f73702a1000 rw-p 00000000 00:00 0 
7f73702a1000-7f73702a2000 ---p 00000000 00:00 0 
7f73702a2000-7f73703a2000 rw-p 00000000 00:00 0 
7f73703a2000-7f73703a3000 ---p 00000000 00:00 0 
7f73703a3000-7f73704a3000 rw-p 00000000 00:00 0 
7f73704a3000-7f73704a4000 ---p 00000000 00:00 0 
7f73704a4000-7f73705a4000 rw-p 00000000 00:00 0 
7f73705a4000-7f73705a5000 ---p 00000000 00:00 0 
7f73705a5000-7f73706d6000 rw-p 00000000 00:00 0 
7f73706d6000-7f73708a5000 ---p 00000000 00:00 0 
7f73708a5000-7f73708d6000 rw-p 00000000 00:00 0 
7f73708d6000-7f7370aa5000 ---p 00000000 00:00 0 
7f7370aa5000-7f7370afe000 rw-p 00000000 00:00 0 
7f7370afe000-7f7370ba5000 ---p 00000000 00:00 0 
7f7370ba5000-7f7370bf2000 rw-p 00000000 00:00 0 
7f7370bf2000-7f7370f66000 ---p 00000000 00:00 0 
7f7370f66000-7f7370f80000 r-xp 00000000 103:06 2500136                   /home/ddvm/android-studio/jre/jre/lib/amd64/libzip.so
7f7370f80000-7f7371180000 ---p 0001a000 103:06 2500136                   /home/ddvm/android-studio/jre/jre/lib/amd64/libzip.so
7f7371180000-7f7371181000 r--p 0001a000 103:06 2500136                   /home/ddvm/android-studio/jre/jre/lib/amd64/libzip.so
7f7371181000-7f7371182000 rw-p 0001b000 103:06 2500136                   /home/ddvm/android-studio/jre/jre/lib/amd64/libzip.so
7f7371182000-7f73711af000 r-xp 00000000 103:06 2500133                   /home/ddvm/android-studio/jre/jre/lib/amd64/libjava.so
7f73711af000-7f73713ae000 ---p 0002d000 103:06 2500133                   /home/ddvm/android-studio/jre/jre/lib/amd64/libjava.so
7f73713ae000-7f73713af000 r--p 0002c000 103:06 2500133                   /home/ddvm/android-studio/jre/jre/lib/amd64/libjava.so
7f73713af000-7f73713b1000 rw-p 0002d000 103:06 2500133                   /home/ddvm/android-studio/jre/jre/lib/amd64/libjava.so
7f73713b1000-7f73713c1000 r-xp 00000000 103:06 2500159                   /home/ddvm/android-studio/jre/jre/lib/amd64/libverify.so
7f73713c1000-7f73715c0000 ---p 00010000 103:06 2500159                   /home/ddvm/android-studio/jre/jre/lib/amd64/libverify.so
7f73715c0000-7f73715c2000 r--p 0000f000 103:06 2500159                   /home/ddvm/android-studio/jre/jre/lib/amd64/libverify.so
7f73715c2000-7f73715c3000 rw-p 00011000 103:06 2500159                   /home/ddvm/android-studio/jre/jre/lib/amd64/libverify.so
7f73715c3000-7f73715c5000 r--p 00000000 103:06 2367989                   /usr/lib/librt-2.28.so
7f73715c5000-7f73715c9000 r-xp 00002000 103:06 2367989                   /usr/lib/librt-2.28.so
7f73715c9000-7f73715cb000 r--p 00006000 103:06 2367989                   /usr/lib/librt-2.28.so
7f73715cb000-7f73715cc000 r--p 00007000 103:06 2367989                   /usr/lib/librt-2.28.so
7f73715cc000-7f73715cd000 rw-p 00008000 103:06 2367989                   /usr/lib/librt-2.28.so
7f73715cd000-7f73715ce000 ---p 00000000 00:00 0 
7f73715ce000-7f73715d1000 ---p 00000000 00:00 0 
7f73715d1000-7f73716ce000 rw-p 00000000 00:00 0 
7f73716ce000-7f73716db000 r--p 00000000 103:06 2367952                   /usr/lib/libm-2.28.so
7f73716db000-7f737177c000 r-xp 0000d000 103:06 2367952                   /usr/lib/libm-2.28.so
7f737177c000-7f7371851000 r--p 000ae000 103:06 2367952                   /usr/lib/libm-2.28.so
7f7371851000-7f7371852000 r--p 00182000 103:06 2367952                   /usr/lib/libm-2.28.so
7f7371852000-7f7371853000 rw-p 00183000 103:06 2367952                   /usr/lib/libm-2.28.so
7f7371853000-7f737244f000 r-xp 00000000 103:06 2500162                   /home/ddvm/android-studio/jre/jre/lib/amd64/server/libjvm.so
7f737244f000-7f737264f000 ---p 00bfc000 103:06 2500162                   /home/ddvm/android-studio/jre/jre/lib/amd64/server/libjvm.so
7f737264f000-7f73726ef000 r--p 00bfc000 103:06 2500162                   /home/ddvm/android-studio/jre/jre/lib/amd64/server/libjvm.so
7f73726ef000-7f7372718000 rw-p 00c9c000 103:06 2500162                   /home/ddvm/android-studio/jre/jre/lib/amd64/server/libjvm.so
7f7372718000-7f737275e000 rw-p 00000000 00:00 0 
7f737275e000-7f7372764000 r--p 00000000 103:06 2367981                   /usr/lib/libpthread-2.28.so
7f7372764000-7f7372773000 r-xp 00006000 103:06 2367981                   /usr/lib/libpthread-2.28.so
7f7372773000-7f7372779000 r--p 00015000 103:06 2367981                   /usr/lib/libpthread-2.28.so
7f7372779000-7f737277a000 r--p 0001a000 103:06 2367981                   /usr/lib/libpthread-2.28.so
7f737277a000-7f737277b000 rw-p 0001b000 103:06 2367981                   /usr/lib/libpthread-2.28.so
7f737277b000-7f737277f000 rw-p 00000000 00:00 0 
7f737277f000-7f7372780000 r--p 00000000 103:06 2367946                   /usr/lib/libdl-2.28.so
7f7372780000-7f7372781000 r-xp 00001000 103:06 2367946                   /usr/lib/libdl-2.28.so
7f7372781000-7f7372782000 r--p 00002000 103:06 2367946                   /usr/lib/libdl-2.28.so
7f7372782000-7f7372783000 r--p 00002000 103:06 2367946                   /usr/lib/libdl-2.28.so
7f7372783000-7f7372784000 rw-p 00003000 103:06 2367946                   /usr/lib/libdl-2.28.so
7f7372784000-7f73727a6000 r--p 00000000 103:06 2367937                   /usr/lib/libc-2.28.so
7f73727a6000-7f73728f1000 r-xp 00022000 103:06 2367937                   /usr/lib/libc-2.28.so
7f73728f1000-7f737293d000 r--p 0016d000 103:06 2367937                   /usr/lib/libc-2.28.so
7f737293d000-7f737293e000 ---p 001b9000 103:06 2367937                   /usr/lib/libc-2.28.so
7f737293e000-7f7372942000 r--p 001b9000 103:06 2367937                   /usr/lib/libc-2.28.so
7f7372942000-7f7372944000 rw-p 001bd000 103:06 2367937                   /usr/lib/libc-2.28.so
7f7372944000-7f7372948000 rw-p 00000000 00:00 0 
7f7372948000-7f7372949000 r--s 00009000 103:06 3162252                   /home/ddvm/.gradle/caches/modules-2/files-2.1/org.jetbrains.kotlin/kotlin-scripting-jvm/1.2.50/c67d7f91d20e22e8dda8101cad1e673d37f86bf9/kotlin-scripting-jvm-1.2.50.jar
7f7372949000-7f737294c000 r--s 00011000 103:06 2767831                   /home/ddvm/.gradle/caches/modules-2/files-2.1/org.jetbrains.kotlin/kotlin-scripting-common/1.2.50/21153667cc03f6d39ce8355b7d96aca8e07a5c7b/kotlin-scripting-common-1.2.50.jar
7f737294c000-7f737294e000 r--s 00009000 103:06 3162262                   /home/ddvm/.gradle/caches/modules-2/files-2.1/org.jetbrains.kotlin/kotlin-script-runtime/1.2.50/f7f5f9ae0344c2d14ca41ca740d17143ba2ed3bc/kotlin-script-runtime-1.2.50.jar
7f737294e000-7f737295e000 r--s 000db000 103:06 1456781                   /home/ddvm/.gradle/caches/modules-2/files-2.1/org.jetbrains.kotlin/kotlin-stdlib/1.2.61/5bc44acc4b3f0d19166ae3e50454b41e8ff29335/kotlin-stdlib-1.2.61.jar
7f737295e000-7f7372966000 rw-s 00000000 00:29 74                         /tmp/hsperfdata_ddvm/5520
7f7372966000-7f7372969000 r--p 00000000 103:06 2367974                   /usr/lib/libnss_files-2.28.so
7f7372969000-7f7372970000 r-xp 00003000 103:06 2367974                   /usr/lib/libnss_files-2.28.so
7f7372970000-7f7372973000 r--p 0000a000 103:06 2367974                   /usr/lib/libnss_files-2.28.so
7f7372973000-7f7372974000 r--p 0000c000 103:06 2367974                   /usr/lib/libnss_files-2.28.so
7f7372974000-7f7372975000 rw-p 0000d000 103:06 2367974                   /usr/lib/libnss_files-2.28.so
7f7372975000-7f737297c000 rw-p 00000000 00:00 0 
7f737297c000-7f737297d000 ---p 00000000 00:00 0 
7f737297d000-7f7372993000 r-xp 00000000 103:06 2500168                   /home/ddvm/android-studio/jre/jre/lib/amd64/jli/libjli.so
7f7372993000-7f7372b92000 ---p 00016000 103:06 2500168                   /home/ddvm/android-studio/jre/jre/lib/amd64/jli/libjli.so
7f7372b92000-7f7372b93000 r--p 00015000 103:06 2500168                   /home/ddvm/android-studio/jre/jre/lib/amd64/jli/libjli.so
7f7372b93000-7f7372b94000 rw-p 00016000 103:06 2500168                   /home/ddvm/android-studio/jre/jre/lib/amd64/jli/libjli.so
7f7372b94000-7f7372b96000 rw-p 00000000 00:00 0 
7f7372b96000-7f7372b98000 r--p 00000000 103:06 2367926                   /usr/lib/ld-2.28.so
7f7372b98000-7f7372bb7000 r-xp 00002000 103:06 2367926                   /usr/lib/ld-2.28.so
7f7372bb7000-7f7372bbf000 r--p 00021000 103:06 2367926                   /usr/lib/ld-2.28.so
7f7372bbf000-7f7372bc0000 r--p 00028000 103:06 2367926                   /usr/lib/ld-2.28.so
7f7372bc0000-7f7372bc1000 rw-p 00029000 103:06 2367926                   /usr/lib/ld-2.28.so
7f7372bc1000-7f7372bc2000 rw-p 00000000 00:00 0 
7ffe0635e000-7ffe06380000 rw-p 00000000 00:00 0                          [stack]
7ffe06388000-7ffe0638b000 r--p 00000000 00:00 0                          [vvar]
7ffe0638b000-7ffe0638d000 r-xp 00000000 00:00 0                          [vdso]
ffffffffff600000-ffffffffff601000 r-xp 00000000 00:00 0                  [vsyscall]

VM Arguments:
jvm_args: -Djava.awt.headless=true -Djava.rmi.server.hostname=localhost -Xmx1536m -Dkotlin.environment.keepalive 
java_command: org.jetbrains.kotlin.daemon.KotlinCompileDaemon --daemon-runFilesPath /home/ddvm/.local/share/kotlin/daemon --daemon-autoshutdownIdleSeconds=7200 --daemon-compilerClasspath /home/ddvm/.gradle/caches/modules-2/files-2.1/org.jetbrains.kotlin/kotlin-compiler-embeddable/1.2.50/6bf096d7a201b8734583b25d90dc3a70fa768628/kotlin-compiler-embeddable-1.2.50.jar:/home/ddvm/.gradle/caches/modules-2/files-2.1/org.jetbrains.kotlin/kotlin-stdlib/1.2.61/5bc44acc4b3f0d19166ae3e50454b41e8ff29335/kotlin-stdlib-1.2.61.jar:/home/ddvm/.gradle/caches/modules-2/files-2.1/org.jetbrains.kotlin/kotlin-script-runtime/1.2.50/f7f5f9ae0344c2d14ca41ca740d17143ba2ed3bc/kotlin-script-runtime-1.2.50.jar:/home/ddvm/.gradle/caches/modules-2/files-2.1/org.jetbrains.kotlin/kotlin-reflect/1.2.50/9fab8887f91c8e17cce1a7522f45dc25976e57b9/kotlin-reflect-1.2.50.jar:/home/ddvm/.gradle/caches/modules-2/files-2.1/org.jetbrains.kotlin/kotlin-scripting-common/1.2.50/21153667cc03f6d39ce8355b7d96aca8e07a5c7b/kotlin-scripting-common-1.2.50.jar:/home/ddvm/.gradle/caches/modules-2/files-2.1/org.jetbrains.kotlin/kotlin-scripting-jvm/1.2.50/c67d7f91d20e22e8dda8101cad1e673d37f86bf9/kotlin-scripting-jvm-1.2.50.jar:/home/ddvm/.gradle/caches/modules-2/files-2.1/org.jetbrains.kotlinx/kotlinx-coroutines-core/0.20/5f3fa9b5b2dc9cfc0d9358d5b2cab154d590a564/kotlinx-coroutines-core-0.20.jar:/home/ddvm/android-studio/jre/lib/tools.jar
java_class_path (initial): /home/ddvm/.gradle/caches/modules-2/files-2.1/org.jetbrains.kotlin/kotlin-compiler-embeddable/1.2.50/6bf096d7a201b8734583b25d90dc3a70fa768628/kotlin-compiler-embeddable-1.2.50.jar:/home/ddvm/.gradle/caches/modules-2/files-2.1/org.jetbrains.kotlin/kotlin-stdlib/1.2.61/5bc44acc4b3f0d19166ae3e50454b41e8ff29335/kotlin-stdlib-1.2.61.jar:/home/ddvm/.gradle/caches/modules-2/files-2.1/org.jetbrains.kotlin/kotlin-script-runtime/1.2.50/f7f5f9ae0344c2d14ca41ca740d17143ba2ed3bc/kotlin-script-runtime-1.2.50.jar:/home/ddvm/.gradle/caches/modules-2/files-2.1/org.jetbrains.kotlin/kotlin-reflect/1.2.50/9fab8887f91c8e17cce1a7522f45dc25976e57b9/kotlin-reflect-1.2.50.jar:/home/ddvm/.gradle/caches/modules-2/files-2.1/org.jetbrains.kotlin/kotlin-scripting-common/1.2.50/21153667cc03f6d39ce8355b7d96aca8e07a5c7b/kotlin-scripting-common-1.2.50.jar:/home/ddvm/.gradle/caches/modules-2/files-2.1/org.jetbrains.kotlin/kotlin-scripting-jvm/1.2.50/c67d7f91d20e22e8dda8101cad1e673d37f86bf9/kotlin-scripting-jvm-1.2.50.jar:/home/ddvm/.gradle/caches/modules-2/files-2.1/org.jetbrains.kotlinx/kotlinx-coroutines-core/0.20/5f3fa9b5b2dc9cfc0d9358d5b2cab154d590a564/kotlinx-coroutines-core-0.20.jar:/home/ddvm/android-studio/jre/lib/tools.jar
Launcher Type: SUN_STANDARD

Environment Variables:
PATH=/home/ddvm/android-studio/bin:/home/ddvm/miniconda3/bin:/usr/local/bin:/usr/bin:/bin:/usr/local/sbin:/usr/lib/jvm/default/bin:/usr/bin/site_perl:/usr/bin/vendor_perl:/usr/bin/core_perl
SHELL=/bin/bash
DISPLAY=:0

Signal Handlers:
SIGSEGV: [libjvm.so+0x9edb30], sa_mask[0]=11111111011111111101111111111110, sa_flags=SA_RESTART|SA_SIGINFO
SIGBUS: [libjvm.so+0x9edb30], sa_mask[0]=11111111011111111101111111111110, sa_flags=SA_RESTART|SA_SIGINFO
SIGFPE: [libjvm.so+0x84e800], sa_mask[0]=11111111011111111101111111111110, sa_flags=SA_RESTART|SA_SIGINFO
SIGPIPE: [libjvm.so+0x84e800], sa_mask[0]=11111111011111111101111111111110, sa_flags=SA_RESTART|SA_SIGINFO
SIGXFSZ: [libjvm.so+0x84e800], sa_mask[0]=11111111011111111101111111111110, sa_flags=SA_RESTART|SA_SIGINFO
SIGILL: [libjvm.so+0x84e800], sa_mask[0]=11111111011111111101111111111110, sa_flags=SA_RESTART|SA_SIGINFO
SIGUSR1: SIG_DFL, sa_mask[0]=00000000000000000000000000000000, sa_flags=none
SIGUSR2: [libjvm.so+0x84e6d0], sa_mask[0]=00100000000000000000000000000000, sa_flags=SA_RESTART|SA_SIGINFO
SIGHUP: [libjvm.so+0x84e8c0], sa_mask[0]=11111111011111111101111111111110, sa_flags=SA_RESTART|SA_SIGINFO
SIGINT: [libjvm.so+0x84e8c0], sa_mask[0]=11111111011111111101111111111110, sa_flags=SA_RESTART|SA_SIGINFO
SIGTERM: [libjvm.so+0x84e8c0], sa_mask[0]=11111111011111111101111111111110, sa_flags=SA_RESTART|SA_SIGINFO
SIGQUIT: [libjvm.so+0x84e8c0], sa_mask[0]=11111111011111111101111111111110, sa_flags=SA_RESTART|SA_SIGINFO


---------------  S Y S T E M  ---------------

OS:DISTRIB_ID=ManjaroLinux
DISTRIB_RELEASE=18.0.0
DISTRIB_CODENAME=Illyria
DISTRIB_DESCRIPTION="Manjaro Linux"

uname:Linux 4.14.80-1-MANJARO #1 SMP PREEMPT Sat Nov 10 19:31:28 UTC 2018 x86_64
libc:glibc 2.28 NPTL 2.28 
rlimit: STACK 8192k, CORE infinity, NPROC 30668, NOFILE 4096, AS infinity
load average:1.64 1.58 1.44

/proc/meminfo:
MemTotal:        7926204 kB
MemFree:          121448 kB
MemAvailable:      47108 kB
Buffers:            2608 kB
Cached:          1468256 kB
SwapCached:            0 kB
Active:          6049576 kB
Inactive:        1432400 kB
Active(anon):    6027016 kB
Inactive(anon):  1370636 kB
Active(file):      22560 kB
Inactive(file):    61764 kB
Unevictable:         128 kB
Mlocked:             128 kB
SwapTotal:             0 kB
SwapFree:              0 kB
Dirty:               392 kB
Writeback:             0 kB
AnonPages:       6011528 kB
Mapped:           123956 kB
Shmem:           1386252 kB
Slab:             133460 kB
SReclaimable:      55372 kB
SUnreclaim:        78088 kB
KernelStack:       13632 kB
PageTables:        49560 kB
NFS_Unstable:          0 kB
Bounce:                0 kB
WritebackTmp:          0 kB
CommitLimit:     3963100 kB
Committed_AS:   13826128 kB
VmallocTotal:   34359738367 kB
VmallocUsed:           0 kB
VmallocChunk:          0 kB
HardwareCorrupted:     0 kB
AnonHugePages:   3063808 kB
ShmemHugePages:        0 kB
ShmemPmdMapped:        0 kB
HugePages_Total:       0
HugePages_Free:        0
HugePages_Rsvd:        0
HugePages_Surp:        0
Hugepagesize:       2048 kB
DirectMap4k:      211740 kB
DirectMap2M:     7929856 kB
DirectMap1G:           0 kB


CPU:total 4 (initial active 4) (2 cores per cpu, 2 threads per core) family 6 model 142 stepping 9, cmov, cx8, fxsr, mmx, sse, sse2, sse3, ssse3, sse4.1, sse4.2, popcnt, avx, avx2, aes, clmul, erms, 3dnowpref, lzcnt, ht, tsc, tscinvbit, bmi1, bmi2, adx

/proc/cpuinfo:
processor	: 0
vendor_id	: GenuineIntel
cpu family	: 6
model		: 142
model name	: Intel(R) Core(TM) i5-7200U CPU @ 2.50GHz
stepping	: 9
microcode	: 0x8e
cpu MHz		: 2499.998
cache size	: 3072 KB
physical id	: 0
siblings	: 4
core id		: 0
cpu cores	: 2
apicid		: 0
initial apicid	: 0
fpu		: yes
fpu_exception	: yes
cpuid level	: 22
wp		: yes
flags		: fpu vme de pse tsc msr pae mce cx8 apic sep mtrr pge mca cmov pat pse36 clflush dts acpi mmx fxsr sse sse2 ss ht tm pbe syscall nx pdpe1gb rdtscp lm constant_tsc art arch_perfmon pebs bts rep_good nopl xtopology nonstop_tsc cpuid aperfmperf tsc_known_freq pni pclmulqdq dtes64 monitor ds_cpl vmx est tm2 ssse3 sdbg fma cx16 xtpr pdcm pcid sse4_1 sse4_2 x2apic movbe popcnt tsc_deadline_timer aes xsave avx f16c rdrand lahf_lm abm 3dnowprefetch cpuid_fault epb invpcid_single pti ssbd ibrs ibpb stibp tpr_shadow vnmi flexpriority ept vpid fsgsbase tsc_adjust bmi1 avx2 smep bmi2 erms invpcid mpx rdseed adx smap clflushopt intel_pt xsaveopt xsavec xgetbv1 xsaves dtherm ida arat pln pts hwp hwp_notify hwp_act_window hwp_epp flush_l1d
bugs		: cpu_meltdown spectre_v1 spectre_v2 spec_store_bypass l1tf
bogomips	: 5426.00
clflush size	: 64
cache_alignment	: 64
address sizes	: 39 bits physical, 48 bits virtual
power management:

processor	: 1
vendor_id	: GenuineIntel
cpu family	: 6
model		: 142
model name	: Intel(R) Core(TM) i5-7200U CPU @ 2.50GHz
stepping	: 9
microcode	: 0x8e
cpu MHz		: 2500.000
cache size	: 3072 KB
physical id	: 0
siblings	: 4
core id		: 1
cpu cores	: 2
apicid		: 2
initial apicid	: 2
fpu		: yes
fpu_exception	: yes
cpuid level	: 22
wp		: yes
flags		: fpu vme de pse tsc msr pae mce cx8 apic sep mtrr pge mca cmov pat pse36 clflush dts acpi mmx fxsr sse sse2 ss ht tm pbe syscall nx pdpe1gb rdtscp lm constant_tsc art arch_perfmon pebs bts rep_good nopl xtopology nonstop_tsc cpuid aperfmperf tsc_known_freq pni pclmulqdq dtes64 monitor ds_cpl vmx est tm2 ssse3 sdbg fma cx16 xtpr pdcm pcid sse4_1 sse4_2 x2apic movbe popcnt tsc_deadline_timer aes xsave avx f16c rdrand lahf_lm abm 3dnowprefetch cpuid_fault epb invpcid_single pti ssbd ibrs ibpb stibp tpr_shadow vnmi flexpriority ept vpid fsgsbase tsc_adjust bmi1 avx2 smep bmi2 erms invpcid mpx rdseed adx smap clflushopt intel_pt xsaveopt xsavec xgetbv1 xsaves dtherm ida arat pln pts hwp hwp_notify hwp_act_window hwp_epp flush_l1d
bugs		: cpu_meltdown spectre_v1 spectre_v2 spec_store_bypass l1tf
bogomips	: 5426.00
clflush size	: 64
cache_alignment	: 64
address sizes	: 39 bits physical, 48 bits virtual
power management:

processor	: 2
vendor_id	: GenuineIntel
cpu family	: 6
model		: 142
model name	: Intel(R) Core(TM) i5-7200U CPU @ 2.50GHz
stepping	: 9
microcode	: 0x8e
cpu MHz		: 2499.999
cache size	: 3072 KB
physical id	: 0
siblings	: 4
core id		: 0
cpu cores	: 2
apicid		: 1
initial apicid	: 1
fpu		: yes
fpu_exception	: yes
cpuid level	: 22
wp		: yes
flags		: fpu vme de pse tsc msr pae mce cx8 apic sep mtrr pge mca cmov pat pse36 clflush dts acpi mmx fxsr sse sse2 ss ht tm pbe syscall nx pdpe1gb rdtscp lm constant_tsc art arch_perfmon pebs bts rep_good nopl xtopology nonstop_tsc cpuid aperfmperf tsc_known_freq pni pclmulqdq dtes64 monitor ds_cpl vmx est tm2 ssse3 sdbg fma cx16 xtpr pdcm pcid sse4_1 sse4_2 x2apic movbe popcnt tsc_deadline_timer aes xsave avx f16c rdrand lahf_lm abm 3dnowprefetch cpuid_fault epb invpcid_single pti ssbd ibrs ibpb stibp tpr_shadow vnmi flexpriority ept vpid fsgsbase tsc_adjust bmi1 avx2 smep bmi2 erms invpcid mpx rdseed adx smap clflushopt intel_pt xsaveopt xsavec xgetbv1 xsaves dtherm ida arat pln pts hwp hwp_notify hwp_act_window hwp_epp flush_l1d
bugs		: cpu_meltdown spectre_v1 spectre_v2 spec_store_bypass l1tf
bogomips	: 5426.00
clflush size	: 64
cache_alignment	: 64
address sizes	: 39 bits physical, 48 bits virtual
power management:

processor	: 3
vendor_id	: GenuineIntel
cpu family	: 6
model		: 142
model name	: Intel(R) Core(TM) i5-7200U CPU @ 2.50GHz
stepping	: 9
microcode	: 0x8e
cpu MHz		: 2499.999
cache size	: 3072 KB
physical id	: 0
siblings	: 4
core id		: 1
cpu cores	: 2
apicid		: 3
initial apicid	: 3
fpu		: yes
fpu_exception	: yes
cpuid level	: 22
wp		: yes
flags		: fpu vme de pse tsc msr pae mce cx8 apic sep mtrr pge mca cmov pat pse36 clflush dts acpi mmx fxsr sse sse2 ss ht tm pbe syscall nx pdpe1gb rdtscp lm constant_tsc art arch_perfmon pebs bts rep_good nopl xtopology nonstop_tsc cpuid aperfmperf tsc_known_freq pni pclmulqdq dtes64 monitor ds_cpl vmx est tm2 ssse3 sdbg fma cx16 xtpr pdcm pcid sse4_1 sse4_2 x2apic movbe popcnt tsc_deadline_timer aes xsave avx f16c rdrand lahf_lm abm 3dnowprefetch cpuid_fault epb invpcid_single pti ssbd ibrs ibpb stibp tpr_shadow vnmi flexpriority ept vpid fsgsbase tsc_adjust bmi1 avx2 smep bmi2 erms invpcid mpx rdseed adx smap clflushopt intel_pt xsaveopt xsavec xgetbv1 xsaves dtherm ida arat pln pts hwp hwp_notify hwp_act_window hwp_epp flush_l1d
bugs		: cpu_meltdown spectre_v1 spectre_v2 spec_store_bypass l1tf
bogomips	: 5426.00
clflush size	: 64
cache_alignment	: 64
address sizes	: 39 bits physical, 48 bits virtual
power management:



Memory: 4k page, physical 7926204k(118224k free), swap 0k(0k free)

vm_info: OpenJDK 64-Bit Server VM (25.152-b01) for linux-amd64 JRE (1.8.0_152-release-1024-b01), built by "builder" with gcc 4.8.4

time: Wed Nov 14 22:08:52 2018
elapsed time: 11 seconds (0d 0h 0m 11s)

